GROUP,PACKAGE,CLASS,INSTRUCTION_MISSED,INSTRUCTION_COVERED,BRANCH_MISSED,BRANCH_COVERED,LINE_MISSED,LINE_COVERED,COMPLEXITY_MISSED,COMPLEXITY_COVERED,METHOD_MISSED,METHOD_COVERED
Calendar,calendar,DateOutOfRangeException,7,0,0,0,4,0,2,0,2,0
Calendar,calendar,CalendarMain,420,0,24,0,89,0,14,0,2,0
Calendar,calendar,Appt,50,302,4,28,21,72,12,34,8,22
Calendar,calendar,CalDay,13,189,5,13,4,49,6,18,2,13
Calendar,calendar,CalendarUtil,17,76,6,4,6,7,6,3,1,3
Calendar,calendar,TimeTable,265,50,45,7,68,14,29,4,2,4
