GROUP,PACKAGE,CLASS,INSTRUCTION_MISSED,INSTRUCTION_COVERED,BRANCH_MISSED,BRANCH_COVERED,LINE_MISSED,LINE_COVERED,COMPLEXITY_MISSED,COMPLEXITY_COVERED,METHOD_MISSED,METHOD_COVERED
Calendar,calendar,DateOutOfRangeException,7,0,0,0,4,0,2,0,2,0
Calendar,calendar,CalendarMain,420,0,24,0,89,0,14,0,2,0
Calendar,calendar,Appt,4,340,2,30,1,91,2,44,0,30
Calendar,calendar,CalDay,4,200,4,14,1,52,4,20,0,15
Calendar,calendar,CalendarUtil,3,76,0,6,1,8,1,6,1,3
Calendar,calendar,TimeTable,17,287,7,43,5,75,7,25,0,6
